/home/ahmedelshaar/node/node_modules/whatwg-url/lib/encoding.js:2
const utf8Encoder = new TextEncoder();
                    ^

ReferenceError: TextEncoder is not defined
    at Object.<anonymous> (/home/ahmedelshaar/node/node_modules/whatwg-url/lib/encoding.js:2:21)
    at Module._compile (internal/modules/cjs/loader.js:778:30)
    at Object.Module._extensions..js (internal/modules/cjs/loader.js:789:10)
    at Module.load (internal/modules/cjs/loader.js:653:32)
    at tryModuleLoad (internal/modules/cjs/loader.js:593:12)
    at Function.Module._load (internal/modules/cjs/loader.js:585:3)
    at Module.require (internal/modules/cjs/loader.js:692:17)
    at require (internal/modules/cjs/helpers.js:25:18)
    at Object.<anonymous> (/home/ahmedelshaar/node/node_modules/whatwg-url/lib/url-state-machine.js:5:34)
    at Module._compile (internal/modules/cjs/loader.js:778:30)
/home/ahmedelshaar/node/node_modules/whatwg-url/lib/encoding.js:2
const utf8Encoder = new TextEncoder();
                    ^

ReferenceError: TextEncoder is not defined
    at Object.<anonymous> (/home/ahmedelshaar/node/node_modules/whatwg-url/lib/encoding.js:2:21)
    at Module._compile (internal/modules/cjs/loader.js:778:30)
    at Object.Module._extensions..js (internal/modules/cjs/loader.js:789:10)
    at Module.load (internal/modules/cjs/loader.js:653:32)
    at tryModuleLoad (internal/modules/cjs/loader.js:593:12)
    at Function.Module._load (internal/modules/cjs/loader.js:585:3)
    at Module.require (internal/modules/cjs/loader.js:692:17)
    at require (internal/modules/cjs/helpers.js:25:18)
    at Object.<anonymous> (/home/ahmedelshaar/node/node_modules/whatwg-url/lib/url-state-machine.js:5:34)
    at Module._compile (internal/modules/cjs/loader.js:778:30)
/home/ahmedelshaar/node/node_modules/whatwg-url/lib/encoding.js:2
const utf8Encoder = new TextEncoder();
                    ^

ReferenceError: TextEncoder is not defined
    at Object.<anonymous> (/home/ahmedelshaar/node/node_modules/whatwg-url/lib/encoding.js:2:21)
    at Module._compile (internal/modules/cjs/loader.js:778:30)
    at Object.Module._extensions..js (internal/modules/cjs/loader.js:789:10)
    at Module.load (internal/modules/cjs/loader.js:653:32)
    at tryModuleLoad (internal/modules/cjs/loader.js:593:12)
    at Function.Module._load (internal/modules/cjs/loader.js:585:3)
    at Module.require (internal/modules/cjs/loader.js:692:17)
    at require (internal/modules/cjs/helpers.js:25:18)
    at Object.<anonymous> (/home/ahmedelshaar/node/node_modules/whatwg-url/lib/url-state-machine.js:5:34)
    at Module._compile (internal/modules/cjs/loader.js:778:30)
/home/ahmedelshaar/node/node_modules/whatwg-url/lib/encoding.js:2
const utf8Encoder = new TextEncoder();
                    ^

ReferenceError: TextEncoder is not defined
    at Object.<anonymous> (/home/ahmedelshaar/node/node_modules/whatwg-url/lib/encoding.js:2:21)
    at Module._compile (internal/modules/cjs/loader.js:778:30)
    at Object.Module._extensions..js (internal/modules/cjs/loader.js:789:10)
    at Module.load (internal/modules/cjs/loader.js:653:32)
    at tryModuleLoad (internal/modules/cjs/loader.js:593:12)
    at Function.Module._load (internal/modules/cjs/loader.js:585:3)
    at Module.require (internal/modules/cjs/loader.js:692:17)
    at require (internal/modules/cjs/helpers.js:25:18)
    at Object.<anonymous> (/home/ahmedelshaar/node/node_modules/whatwg-url/lib/url-state-machine.js:5:34)
    at Module._compile (internal/modules/cjs/loader.js:778:30)
/home/ahmedelshaar/node/node_modules/whatwg-url/lib/encoding.js:2
const utf8Encoder = new TextEncoder();
                    ^

ReferenceError: TextEncoder is not defined
    at Object.<anonymous> (/home/ahmedelshaar/node/node_modules/whatwg-url/lib/encoding.js:2:21)
    at Module._compile (internal/modules/cjs/loader.js:778:30)
    at Object.Module._extensions..js (internal/modules/cjs/loader.js:789:10)
    at Module.load (internal/modules/cjs/loader.js:653:32)
    at tryModuleLoad (internal/modules/cjs/loader.js:593:12)
    at Function.Module._load (internal/modules/cjs/loader.js:585:3)
    at Module.require (internal/modules/cjs/loader.js:692:17)
    at require (internal/modules/cjs/helpers.js:25:18)
    at Object.<anonymous> (/home/ahmedelshaar/node/node_modules/whatwg-url/lib/url-state-machine.js:5:34)
    at Module._compile (internal/modules/cjs/loader.js:778:30)
/home/ahmedelshaar/node/node_modules/whatwg-url/lib/encoding.js:2
const utf8Encoder = new TextEncoder();
                    ^

ReferenceError: TextEncoder is not defined
    at Object.<anonymous> (/home/ahmedelshaar/node/node_modules/whatwg-url/lib/encoding.js:2:21)
    at Module._compile (internal/modules/cjs/loader.js:778:30)
    at Object.Module._extensions..js (internal/modules/cjs/loader.js:789:10)
    at Module.load (internal/modules/cjs/loader.js:653:32)
    at tryModuleLoad (internal/modules/cjs/loader.js:593:12)
    at Function.Module._load (internal/modules/cjs/loader.js:585:3)
    at Module.require (internal/modules/cjs/loader.js:692:17)
    at require (internal/modules/cjs/helpers.js:25:18)
    at Object.<anonymous> (/home/ahmedelshaar/node/node_modules/whatwg-url/lib/url-state-machine.js:5:34)
    at Module._compile (internal/modules/cjs/loader.js:778:30)
/home/ahmedelshaar/node/node_modules/whatwg-url/lib/encoding.js:2
const utf8Encoder = new TextEncoder();
                    ^

ReferenceError: TextEncoder is not defined
    at Object.<anonymous> (/home/ahmedelshaar/node/node_modules/whatwg-url/lib/encoding.js:2:21)
    at Module._compile (internal/modules/cjs/loader.js:778:30)
    at Object.Module._extensions..js (internal/modules/cjs/loader.js:789:10)
    at Module.load (internal/modules/cjs/loader.js:653:32)
    at tryModuleLoad (internal/modules/cjs/loader.js:593:12)
    at Function.Module._load (internal/modules/cjs/loader.js:585:3)
    at Module.require (internal/modules/cjs/loader.js:692:17)
    at require (internal/modules/cjs/helpers.js:25:18)
    at Object.<anonymous> (/home/ahmedelshaar/node/node_modules/whatwg-url/lib/url-state-machine.js:5:34)
    at Module._compile (internal/modules/cjs/loader.js:778:30)
/home/ahmedelshaar/node/node_modules/whatwg-url/lib/encoding.js:2
const utf8Encoder = new TextEncoder();
                    ^

ReferenceError: TextEncoder is not defined
    at Object.<anonymous> (/home/ahmedelshaar/node/node_modules/whatwg-url/lib/encoding.js:2:21)
    at Module._compile (internal/modules/cjs/loader.js:778:30)
    at Object.Module._extensions..js (internal/modules/cjs/loader.js:789:10)
    at Module.load (internal/modules/cjs/loader.js:653:32)
    at tryModuleLoad (internal/modules/cjs/loader.js:593:12)
    at Function.Module._load (internal/modules/cjs/loader.js:585:3)
    at Module.require (internal/modules/cjs/loader.js:692:17)
    at require (internal/modules/cjs/helpers.js:25:18)
    at Object.<anonymous> (/home/ahmedelshaar/node/node_modules/whatwg-url/lib/url-state-machine.js:5:34)
    at Module._compile (internal/modules/cjs/loader.js:778:30)
/home/ahmedelshaar/node/node_modules/whatwg-url/lib/encoding.js:2
const utf8Encoder = new TextEncoder();
                    ^

ReferenceError: TextEncoder is not defined
    at Object.<anonymous> (/home/ahmedelshaar/node/node_modules/whatwg-url/lib/encoding.js:2:21)
    at Module._compile (internal/modules/cjs/loader.js:778:30)
    at Object.Module._extensions..js (internal/modules/cjs/loader.js:789:10)
    at Module.load (internal/modules/cjs/loader.js:653:32)
    at tryModuleLoad (internal/modules/cjs/loader.js:593:12)
    at Function.Module._load (internal/modules/cjs/loader.js:585:3)
    at Module.require (internal/modules/cjs/loader.js:692:17)
    at require (internal/modules/cjs/helpers.js:25:18)
    at Object.<anonymous> (/home/ahmedelshaar/node/node_modules/whatwg-url/lib/url-state-machine.js:5:34)
    at Module._compile (internal/modules/cjs/loader.js:778:30)
internal/modules/cjs/loader.js:638
    throw err;
    ^

Error: Cannot find module 'express'
    at Function.Module._resolveFilename (internal/modules/cjs/loader.js:636:15)
    at Function.Module._load (internal/modules/cjs/loader.js:562:25)
    at Module.require (internal/modules/cjs/loader.js:692:17)
    at require (internal/modules/cjs/helpers.js:25:18)
    at Object.<anonymous> (/home/ahmedelshaar/node/app.js:2:17)
    at Module._compile (internal/modules/cjs/loader.js:778:30)
    at Object.Module._extensions..js (internal/modules/cjs/loader.js:789:10)
    at Module.load (internal/modules/cjs/loader.js:653:32)
    at tryModuleLoad (internal/modules/cjs/loader.js:593:12)
    at Function.Module._load (internal/modules/cjs/loader.js:585:3)
internal/modules/cjs/loader.js:638
    throw err;
    ^

Error: Cannot find module 'express'
    at Function.Module._resolveFilename (internal/modules/cjs/loader.js:636:15)
    at Function.Module._load (internal/modules/cjs/loader.js:562:25)
    at Module.require (internal/modules/cjs/loader.js:692:17)
    at require (internal/modules/cjs/helpers.js:25:18)
    at Object.<anonymous> (/home/ahmedelshaar/node/app.js:2:17)
    at Module._compile (internal/modules/cjs/loader.js:778:30)
    at Object.Module._extensions..js (internal/modules/cjs/loader.js:789:10)
    at Module.load (internal/modules/cjs/loader.js:653:32)
    at tryModuleLoad (internal/modules/cjs/loader.js:593:12)
    at Function.Module._load (internal/modules/cjs/loader.js:585:3)
internal/modules/cjs/loader.js:638
    throw err;
    ^

Error: Cannot find module 'express'
    at Function.Module._resolveFilename (internal/modules/cjs/loader.js:636:15)
    at Function.Module._load (internal/modules/cjs/loader.js:562:25)
    at Module.require (internal/modules/cjs/loader.js:692:17)
    at require (internal/modules/cjs/helpers.js:25:18)
    at Object.<anonymous> (/home/ahmedelshaar/node/app.js:2:17)
    at Module._compile (internal/modules/cjs/loader.js:778:30)
    at Object.Module._extensions..js (internal/modules/cjs/loader.js:789:10)
    at Module.load (internal/modules/cjs/loader.js:653:32)
    at tryModuleLoad (internal/modules/cjs/loader.js:593:12)
    at Function.Module._load (internal/modules/cjs/loader.js:585:3)
internal/modules/cjs/loader.js:638
    throw err;
    ^

Error: Cannot find module 'express'
    at Function.Module._resolveFilename (internal/modules/cjs/loader.js:636:15)
    at Function.Module._load (internal/modules/cjs/loader.js:562:25)
    at Module.require (internal/modules/cjs/loader.js:692:17)
    at require (internal/modules/cjs/helpers.js:25:18)
    at Object.<anonymous> (/home/ahmedelshaar/node/app.js:2:17)
    at Module._compile (internal/modules/cjs/loader.js:778:30)
    at Object.Module._extensions..js (internal/modules/cjs/loader.js:789:10)
    at Module.load (internal/modules/cjs/loader.js:653:32)
    at tryModuleLoad (internal/modules/cjs/loader.js:593:12)
    at Function.Module._load (internal/modules/cjs/loader.js:585:3)
internal/modules/cjs/loader.js:905
  throw err;
  ^

Error: Cannot find module 'express'
Require stack:
- /home/ahmedelshaar/node/app.js
- /usr/local/lsws/fcgi-bin/lsnode.js
    at Function.Module._resolveFilename (internal/modules/cjs/loader.js:902:15)
    at Function.Module._load (internal/modules/cjs/loader.js:746:27)
    at Module.require (internal/modules/cjs/loader.js:974:19)
    at require (internal/modules/cjs/helpers.js:101:18)
    at Object.<anonymous> (/home/ahmedelshaar/node/app.js:2:17)
    at Module._compile (internal/modules/cjs/loader.js:1085:14)
    at Object.Module._extensions..js (internal/modules/cjs/loader.js:1114:10)
    at Module.load (internal/modules/cjs/loader.js:950:32)
    at Function.Module._load (internal/modules/cjs/loader.js:790:12)
    at Module.require (internal/modules/cjs/loader.js:974:19) {
  code: 'MODULE_NOT_FOUND',
  requireStack: [
    '/home/ahmedelshaar/node/app.js',
    '/usr/local/lsws/fcgi-bin/lsnode.js'
  ]
}
